<?xml version="1.0" encoding="UTF-8"?>
<!-- Generated by org.testng.reporters.JUnitXMLReporter -->
<testsuite ignored="0" hostname="Amit" failures="0" tests="3" name="ChromeBrowser" time="134.817" errors="0" timestamp="2022-06-01T10:08:49 IST">
  <testcase classname="tests.Verifyapplication" name="verifyReportTab" time="21.712"/>
  <testcase classname="tests.Verifyapplication" name="verifyTaskTab" time="6.961"/>
  <testcase classname="tests.VerifyFac" name="verifyWatch" time="55.69"/>
</testsuite> <!-- ChromeBrowser -->
