<?xml version="1.0" encoding="UTF-8"?>
<!-- Generated by org.testng.reporters.JUnitXMLReporter -->
<testsuite ignored="0" hostname="Amit" failures="0" tests="3" name="EdgeBrowser" time="88.779" errors="0" timestamp="2022-06-01T10:08:03 IST">
  <testcase classname="tests.Verifyapplication" name="verifyReportTab" time="17.782"/>
  <testcase classname="tests.Verifyapplication" name="verifyTaskTab" time="8.22"/>
  <testcase classname="tests.VerifyFac" name="verifyWatch" time="10.562"/>
</testsuite> <!-- EdgeBrowser -->
