<?xml version="1.0" encoding="UTF-8"?>
<!-- Generated by org.testng.reporters.JUnitXMLReporter -->
<testsuite ignored="0" hostname="Amit" failures="0" tests="2" name="FirefoxBrowser" time="0.063" errors="0" timestamp="2022-05-21T15:46:25 IST">
  <testcase classname="tests.Verifyactitime" name="@BeforeTest launchBrowser" time="0.0">
    <failure type="java.lang.NullPointerException" message="Cannot invoke &amp;quot;org.openqa.selenium.WebDriver.manage()&amp;quot; because &amp;quot;this.driver&amp;quot; is null">
      <![CDATA[java.lang.NullPointerException: Cannot invoke "org.openqa.selenium.WebDriver.manage()" because "this.driver" is null
at tests.Verifyactitime.launchBrowser(Verifyactitime.java:44)
... Removed 24 stack frames]]>
    </failure>
  </testcase> <!-- @BeforeTest launchBrowser -->
  <testcase classname="tests.Verifyactitime" name="@BeforeClass launchBrowser" time="-1.653128185319E9">
    <skipped/>
  </testcase> <!-- @BeforeClass launchBrowser -->
  <testcase classname="tests.Verifyactitime" name="@BeforeMethod loginToApplication" time="-1.653128185319E9">
    <skipped/>
  </testcase> <!-- @BeforeMethod loginToApplication -->
  <testcase classname="tests.Verifyactitime" name="@AfterMethod logoutfromApplication" time="-1.653128185335E9">
    <skipped/>
  </testcase> <!-- @AfterMethod logoutfromApplication -->
  <testcase classname="tests.Verifyactitime" name="@BeforeMethod loginToApplication" time="-1.65312818535E9">
    <skipped/>
  </testcase> <!-- @BeforeMethod loginToApplication -->
  <testcase classname="tests.Verifyactitime" name="@AfterMethod logoutfromApplication" time="-1.65312818535E9">
    <skipped/>
  </testcase> <!-- @AfterMethod logoutfromApplication -->
  <testcase classname="tests.Verifyactitime" name="@AfterClass clearPOMobjects" time="-1.65312818535E9">
    <skipped/>
  </testcase> <!-- @AfterClass clearPOMobjects -->
  <testcase classname="tests.Verifyactitime" name="@AfterTest closedBrowser" time="-1.653128185366E9">
    <skipped/>
  </testcase> <!-- @AfterTest closedBrowser -->
  <testcase classname="tests.Verifyactitime" name="verifyReportTab" time="0.0">
    <skipped/>
  </testcase> <!-- verifyReportTab -->
  <testcase classname="tests.Verifyactitime" name="verifyTaskTab" time="0.0">
    <skipped/>
  </testcase> <!-- verifyTaskTab -->
</testsuite> <!-- FirefoxBrowser -->
