<?xml version="1.0" encoding="UTF-8"?>
<testng-results ignored="0" total="2" passed="2" failed="0" skipped="0">
  <reporter-output>
  </reporter-output>
  <suite started-at="2022-06-02T17:33:42 IST" name="Default suite" finished-at="2022-06-02T17:34:27 IST" duration-ms="45300">
    <groups>
    </groups>
    <test started-at="2022-06-02T17:33:42 IST" name="Default test" finished-at="2022-06-02T17:34:27 IST" duration-ms="45300">
      <class name="tests.VerifyAnnotations">
        <test-method is-config="true" signature="launchBrowser()[pri:0, instance:tests.VerifyAnnotations@635eaaf1]" started-at="2022-06-02T17:33:42 IST" name="launchBrowser" finished-at="2022-06-02T17:33:52 IST" duration-ms="10637" status="PASS">
          <reporter-output>
          </reporter-output>
        </test-method> <!-- launchBrowser -->
        <test-method is-config="true" signature="loginto()[pri:0, instance:tests.VerifyAnnotations@635eaaf1]" started-at="2022-06-02T17:33:52 IST" name="loginto" finished-at="2022-06-02T17:33:58 IST" duration-ms="5674" status="PASS">
          <reporter-output>
          </reporter-output>
        </test-method> <!-- loginto -->
        <test-method signature="verifyReportTab()[pri:0, instance:tests.VerifyAnnotations@635eaaf1]" started-at="2022-06-02T17:33:58 IST" name="verifyReportTab" finished-at="2022-06-02T17:34:14 IST" duration-ms="15355" status="PASS">
          <reporter-output>
          </reporter-output>
        </test-method> <!-- verifyReportTab -->
        <test-method is-config="true" signature="logoutfromApplication()[pri:0, instance:tests.VerifyAnnotations@635eaaf1]" started-at="2022-06-02T17:34:14 IST" name="logoutfromApplication" finished-at="2022-06-02T17:34:15 IST" duration-ms="1727" status="PASS">
          <reporter-output>
          </reporter-output>
        </test-method> <!-- logoutfromApplication -->
        <test-method is-config="true" signature="loginto()[pri:0, instance:tests.VerifyAnnotations@635eaaf1]" started-at="2022-06-02T17:34:15 IST" name="loginto" finished-at="2022-06-02T17:34:21 IST" duration-ms="5543" status="PASS">
          <reporter-output>
          </reporter-output>
        </test-method> <!-- loginto -->
        <test-method signature="verifyTaskTab()[pri:0, instance:tests.VerifyAnnotations@635eaaf1]" started-at="2022-06-02T17:34:21 IST" name="verifyTaskTab" finished-at="2022-06-02T17:34:26 IST" duration-ms="4859" status="PASS">
          <reporter-output>
          </reporter-output>
        </test-method> <!-- verifyTaskTab -->
        <test-method is-config="true" signature="logoutfromApplication()[pri:0, instance:tests.VerifyAnnotations@635eaaf1]" started-at="2022-06-02T17:34:26 IST" name="logoutfromApplication" finished-at="2022-06-02T17:34:27 IST" duration-ms="1354" status="PASS">
          <reporter-output>
          </reporter-output>
        </test-method> <!-- logoutfromApplication -->
        <test-method is-config="true" signature="afterclass()[pri:0, instance:tests.VerifyAnnotations@635eaaf1]" started-at="2022-06-02T17:34:27 IST" name="afterclass" finished-at="2022-06-02T17:34:27 IST" duration-ms="104" status="PASS">
          <reporter-output>
          </reporter-output>
        </test-method> <!-- afterclass -->
      </class> <!-- tests.VerifyAnnotations -->
    </test> <!-- Default test -->
  </suite> <!-- Default suite -->
</testng-results>
