<?xml version="1.0" encoding="UTF-8"?>
<!-- Generated by org.testng.reporters.JUnitXMLReporter -->
<testsuite ignored="0" hostname="Amit" failures="1" tests="5" name="Test" time="3.127" errors="0" timestamp="2022-06-01T10:29:11 IST">
  <testcase classname="tests.TestClass" name="testA" time="0.006"/>
  <testcase classname="tests.TestClass" name="testC" time="0.002"/>
  <testcase classname="tests.TestClass" name="testD" time="3.014">
    <failure type="org.testng.internal.thread.ThreadTimeoutException" message="Method tests.TestClass.testD() didn&amp;apos;t finish within the time-out 3000">
      <![CDATA[org.testng.internal.thread.ThreadTimeoutException: Method tests.TestClass.testD() didn't finish within the time-out 3000
at java.base/java.util.ArrayList.forEach(ArrayList.java:1511)
... Removed 24 stack frames]]>
    </failure>
  </testcase> <!-- testD -->
  <testcase classname="tests.TestClass" name="testE" time="0.003"/>
  <testcase classname="tests.TestClass" name="testB" time="0.004"/>
</testsuite> <!-- Test -->
