<?xml version="1.0" encoding="UTF-8"?>
<!-- Generated by org.testng.reporters.JUnitXMLReporter -->
<testsuite ignored="0" hostname="Amit" failures="0" tests="2" name="Test" time="15.011" errors="0" timestamp="2022-06-02T17:01:42 IST">
  <testcase classname="tests.VerifyAnnotations" name="@BeforeMethod loginto" time="5.049">
    <failure type="java.lang.NullPointerException">
      <![CDATA[java.lang.NullPointerException
at java.base/java.util.Objects.requireNonNull(Objects.java:208)
at org.openqa.selenium.support.ui.FluentWait.<init>(FluentWait.java:106)
at org.openqa.selenium.support.ui.WebDriverWait.<init>(WebDriverWait.java:85)
at org.openqa.selenium.support.ui.WebDriverWait.<init>(WebDriverWait.java:45)
at pomPack.LoginPage2.sendUsername(LoginPage2.java:38)
at tests.VerifyAnnotations.loginto(VerifyAnnotations.java:37)
at java.base/java.util.ArrayList.forEach(ArrayList.java:1511)
... Removed 31 stack frames]]>
    </failure>
  </testcase> <!-- @BeforeMethod loginto -->
  <testcase classname="tests.VerifyAnnotations" name="@AfterMethod logoutfromApplication" time="-1.654169502687E9">
    <skipped/>
  </testcase> <!-- @AfterMethod logoutfromApplication -->
  <testcase classname="tests.VerifyAnnotations" name="@BeforeMethod loginto" time="-1.654169502691E9">
    <skipped/>
  </testcase> <!-- @BeforeMethod loginto -->
  <testcase classname="tests.VerifyAnnotations" name="@AfterMethod logoutfromApplication" time="-1.654169502702E9">
    <skipped/>
  </testcase> <!-- @AfterMethod logoutfromApplication -->
  <testcase classname="tests.VerifyAnnotations" name="@AfterClass afterclass" time="-1.654169502706E9">
    <skipped/>
  </testcase> <!-- @AfterClass afterclass -->
  <testcase classname="tests.VerifyAnnotations" name="verifyReportTab" time="0.0">
    <skipped/>
  </testcase> <!-- verifyReportTab -->
  <testcase classname="tests.VerifyAnnotations" name="verifyTaskTab" time="0.0">
    <skipped/>
  </testcase> <!-- verifyTaskTab -->
</testsuite> <!-- Test -->
