<?xml version="1.0" encoding="UTF-8"?>
<!-- Generated by org.testng.reporters.JUnitXMLReporter -->
<testsuite ignored="0" hostname="Amit" failures="0" tests="5" name="Test" time="0.124" errors="0" timestamp="2022-05-20T14:22:00 IST">
  <testcase classname="tests.TestClass" name="testA" time="0.008"/>
  <testcase classname="tests.TestClass" name="testB" time="0.003"/>
  <testcase classname="tests.TestClass" name="testC" time="0.002"/>
  <testcase classname="tests.TestClass2" name="testA" time="0.002"/>
  <testcase classname="tests.TestClass2" name="testB" time="0.002"/>
</testsuite> <!-- Test -->
