<?xml version="1.0" encoding="UTF-8"?>
<testng-results ignored="0" total="1" passed="1" failed="0" skipped="0">
  <reporter-output>
  </reporter-output>
  <suite started-at="2022-05-18T11:25:10 IST" name="Default suite" finished-at="2022-05-18T11:25:10 IST" duration-ms="66">
    <groups>
    </groups>
    <test started-at="2022-05-18T11:25:10 IST" name="Default test" finished-at="2022-05-18T11:25:10 IST" duration-ms="66">
      <class name="program.TestNg">
        <test-method is-config="true" signature="demo()[pri:0, instance:program.TestNg@659a969b]" started-at="2022-05-18T11:25:10 IST" name="demo" finished-at="2022-05-18T11:25:10 IST" duration-ms="10" status="PASS">
          <reporter-output>
          </reporter-output>
        </test-method> <!-- demo -->
        <test-method is-config="true" signature="alpha()[pri:0, instance:program.TestNg@659a969b]" started-at="2022-05-18T11:25:10 IST" name="alpha" finished-at="2022-05-18T11:25:10 IST" duration-ms="0" status="PASS">
          <reporter-output>
          </reporter-output>
        </test-method> <!-- alpha -->
        <test-method signature="delta()[pri:0, instance:program.TestNg@659a969b]" started-at="2022-05-18T11:25:10 IST" name="delta" finished-at="2022-05-18T11:25:10 IST" duration-ms="7" status="PASS">
          <reporter-output>
          </reporter-output>
        </test-method> <!-- delta -->
      </class> <!-- program.TestNg -->
    </test> <!-- Default test -->
  </suite> <!-- Default suite -->
</testng-results>
